./1968/1047_.txt
./1967/1269_.txt
./1969/343_.txt
./1967/705_1968-03-11.txt
./1968/9_1969-03-25,1969-10-20.txt
./1968/2_1969-04-02,1969-04-03.txt
./1968/798_1969-04-28.txt
./1969/10_1969-10-15.txt
./1969/63_1969-11-17.txt
./1970/281_1970-10-12.txt
./1970/436_1970-10-13,1970-10-14.txt
./1970/43-orig_1970-10-19.txt
./1970/1873_1971-06-26.txt
./1971/70-29_1971-10-12.txt
./1971/70-58_1971-10-12.txt
./1971/70-46_1971-10-14.txt
./1971/70-61_1971-11-10.txt
./1971/70-34_1971-11-17.txt
./1971/71-119_1971-11-18.txt
./1971/70-5015_1971-12-06.txt
./1971/9-orig_1971-12-14.txt
./1971/70-117_1972-01-11.txt
./1971/70-286_1972-01-12.txt
./1971/70-2_1972-01-19.txt
./1971/70-69_1972-01-19.txt
./1971/70-57_1972-02-22.txt
./1971/71-83_1972-03-22.txt
./1971/71-288_1972-03-27.txt
./1971/71-1017_1972-04-19,1972-04-20.txt
./1972/71-863_1972-10-16.txt
./1972/71-678_1972-11-15.txt
./1972/71-1022_1972-12-11.txt
./1972/71-1665_1973-01-16.txt
./1972/71-6742_1973-01-17.txt
./1972/72-11_1973-02-21.txt
./1972/72-129_1973-02-27,1973-02-28.txt
./1972/72-535_1973-02-28.txt
./1972/71-1553_1973-03-19.txt
./1972/72-634_1973-03-26.txt
./1972/72-654_1973-04-18.txt
./1973/73-187_1974-01-09.txt
./1977/76-635_1977-10-11.txt
./1977/76-624_1977-11-02.txt
./1977/76-1471_1978-01-16.txt
./1978/77-1413_1978-12-06.txt
./1979/79-45_1980-01-15.txt
./1980/80-802_1981-04-29.txt
./1981/81-244_1982-03-30.txt
./1983/82-1260_1983-12-05.txt
./1986/85-1021_1986-10-06.txt
./1986/86-251_1987-03-31.txt