warning: advocate ID 'charles_miller2' has name 'Charles H. Miller' similar to 'Charles A. Miller'
warning: advocate ID 'john_cleary2' has name 'John J. Cleary' similar to 'John M. Cleary'
warning: advocate 'Mr. Attorney General' has an unusual last name
warning: advocate ID 'edward_williams2' has name 'Edward Brown Williams' similar to 'Edward Bennett Williams'
warning: advocate ID 'robert_smith2' has name 'Robert Frederick Smith' similar to 'Robert Eugene Smith'
warning: advocate ID 'thomas_moran2' has name 'Thomas R. Moran' similar to 'Thomas E. Moran'
warning: advocate ID 'john_hill2' has name 'John L. Hill' similar to 'John G. Hill'
warning: advocate ID 'john_anderson2' has name 'John M. Anderson' similar to 'John H. Anderson'
warning: advocate ID 'thomas_anderson2' has name 'Thomas B. Anderson' similar to 'Thomas H. Anderson'
warning: advocate ID 'john_corrigan2' has name 'John J. Corrigan' similar to 'John T. Corrigan'
warning: advocate ID 'william_allen2' has name 'William Lee Allen' similar to 'William H. Allen'
warning: advocate ID 'dennis_flannery2' has name 'Dennis M. Flannery' similar to 'Dennis J. Flannery'
warning: advocate ID 'james_hartman2' has name 'James M. Hartman' similar to 'James H. Hartman'
warning: advocate ID 'james_ryan2' has name 'James E. Ryan' similar to 'James V. Ryan'
warning: advocate ID 'william_rogers2' has name 'William L. Rogers' similar to 'William P. Rogers'
warning: advocate ID 'robert_kopp2' has name 'Robert F. Kopp' similar to 'Robert E. Kopp'
warning: advocate ID 'milton_larson2' has name 'Milton L. Larson' similar to 'Milton R. Larson'
warning: advocate ID 'william_pickett2' has name 'William H. Pickett' similar to 'William F. Pickett'
warning: advocate ID 'john_jones2' has name 'John B. Jones' similar to 'John Paul Jones'
warning: advocate ID 'richard_collins2' has name 'Richard J. Collins' similar to 'Richard B. Collins'
warning: advocate ID 'george_cochran2' has name 'George Colvin Cochran' similar to 'George Calvin Cochran'
warning: advocate ID 'david_kendall2' has name 'David E. Kendall' similar to 'David M. Kendall'
warning: advocate ID 'thomas_martin2' has name 'Thomas S. Martin' similar to 'Thomas V. Martin'
warning: advocate ID 'bernard_segal2' has name 'Bernard L. Segal' similar to 'Bernard G. Segal'
warning: advocate ID 'michael_lefkow2' has name 'Michael R. Lefkow' similar to 'Michael F. Lefkow'
warning: advocate ID 'charles_moses2' has name 'Charles F. Moses' similar to 'Charles S. Moses'
warning: advocate ID 'peter_brown2' has name 'Peter Megaree Brown' similar to 'Peter W. Brown'
warning: advocate ID 'david_young2' has name 'David H. Young' similar to 'David J. Young'
warning: advocate ID 'barbara_babcock2' has name 'Barbara Allen Babcock' similar to 'Barbara B. Babcock'
warning: advocate ID 'david_benetar2' has name 'David L. Benetar' similar to 'David D. Benetar'
warning: advocate ID 'thomas_greer2' has name 'Thomas E. Greer' similar to 'Thomas Keister Greer'
warning: advocate 'Washington D. C.' has an unusual last name
warning: advocate ID 'james_thompson2' has name 'James H. Thompson' similar to 'James R. Thompson'
warning: advocate ID 'john_hill3' has name 'John K. Hill' similar to 'John G. Hill'
warning: advocate ID 'william_burke2' has name 'William M. Burke' similar to 'William L. Burke'
warning: advocate ID 'joseph_bruno2' has name 'Joseph F. Bruno' similar to 'Joseph C. Bruno'
warning: advocate ID 'james_smith2' has name 'James Eastman Smith' similar to 'James K. Smith'
warning: advocate ID 'ronald_eastman2' has name 'Ronald D. Eastman' similar to 'Ronald E. Eastman'
warning: advocate ID 'john_young2' has name 'John Richard Young' similar to 'John Hardin Young'
warning: advocate ID 'richard_turner2' has name 'Richard W. Turner' similar to 'Richard C. Turner'
warning: advocate ID 'john_cooney2' has name 'John R. Cooney' similar to 'John F. Cooney'
warning: advocate ID 'robert_parmley2' has name 'Robert J. Parmley' similar to 'Robert G. Parmley'
warning: advocate ID 'daniel_gruender2' has name 'Daniel F. Gruender' similar to 'Daniel B. Gruender'
warning: advocate ID 'charles_blackmar2' has name 'Charles B. Blackmar' similar to 'Charles A. Blackmar'
warning: advocate ID 'john_carroll2' has name 'John L. Carroll' similar to 'John Rogers Carroll'
warning: advocate ID 'edward_carnes2' has name 'Edward C. Carnes' similar to 'Edward E. Carnes'
warning: advocate ID 'daniel_friedman2' has name 'Daniel H. Friedman' similar to 'Daniel M. Friedman'
warning: advocate ID 'joseph_harbison2' has name 'Joseph F. Harbison' similar to 'Joseph H. Harbison'
warning: advocate ID 'richard_ieyoub2' has name 'Richard P. Ieyoub' similar to 'Richard I. Ieyoub'
warning: advocate ID 'michael_gallagher2' has name 'Michael L. Gallagher' similar to 'Michael J. Gallagher'
warning: advocate ID 'simon_rifkind2' has name 'Simon K. Rifkind' similar to 'Simon H. Rifkind'
warning: advocate ID 'paul_biebel2' has name 'Paul B. Biebel Jr.' similar to 'Paul P. Biebel'
warning: advocate ID 'silas_wasserstrom2' has name 'Silas W. Wasserstrom' similar to 'Silas J. Wasserstrom'
warning: advocate ID 'barbara_smith2' has name 'Barbara Ah Smith' similar to 'Barbara A. H. Smith'
warning: advocate ID 'james_moore2' has name 'James L. Moore' similar to 'James E. Moore'
warning: advocate ID 'daniel_pollitt2' has name 'Daniel R. Pollitt' similar to 'Daniel H. Pollitt'
warning: advocate ID 'stuart_gold2' has name 'Stuart W. Gold' similar to 'Stuart M Gold'
warning: advocate ID 'richard_smith2' has name 'Richard G. Smith' similar to 'Richard W. Smith'
warning: advocate 'Deputy Attorney General' has an unusual last name
warning: advocate ID 'john_clark2' has name 'John Steven Clark' similar to 'John B. Clark'
warning: advocate ID 'charles_roberts2' has name 'Charles Louis Roberts' similar to 'Charles P. Roberts'
warning: advocate ID 'thomas_miller2' has name 'Thomas Reed Miller' similar to 'Thomas J. Miller'
warning: advocate ID 'henry_klein2' has name 'Henry L. Klein' similar to 'Henry I. Klein'
warning: advocate ID 'grace_evans2' has name 'Grace E. Evans' similar to 'Grace P. Evans'
warning: advocate ID 'james_smith3' has name 'James A. Smith' similar to 'James K. Smith'
warning: advocate ID 'michael_connell2' has name 'Michael Mc Connell' similar to 'Michael W. Mc Connell'
warning: advocate ID 'charles_white2' has name 'Charles G. White' similar to 'Charles H. White'
warning: advocate ID 'carolyn_corwin2' has name 'Carolyn P Corwin' similar to 'Carolyn F. Corwin'
warning: advocate ID 'bruce_kuhlik2' has name 'Bruce Neil Kuhlik' similar to 'Bruce M. Kuhlik'
warning: advocate ID 'james_ward2' has name 'James S. Ward' similar to 'James D. Ward'
warning: advocate ID 'deborah_chasanow2' has name 'Deborah K. Chasanow' similar to 'Deborah H. K. Chasanow'
warning: advocate ID 'robert_harris2' has name 'Robert L. Harris' similar to 'Robert Q. Harris'
warning: advocate ID 'steven_kartagener2' has name 'Steven R. Kartagener' similar to 'Steven P. Kartagener'
warning: advocate ID 'kenneth_stern2' has name 'Kenneth Saul Stern' similar to 'Kenneth H. Stern'
warning: advocate ID 'ann_paschall2' has name 'Ann Garrison Paschall' similar to 'Ann Carrison Paschall'
warning: advocate ID 'robert_mann2' has name 'Robert B. Mann' similar to 'Robert E. Mann'
warning: advocate ID 'richard_epstein2' has name 'Richard L. Epstein' similar to 'Richard A. Epstein'
warning: advocate ID 'paul_smith2' has name 'Paul M. Smith' similar to 'Paul T. Smith'
warning: advocate ID 'william_rogers3' has name 'William D. Rogers' similar to 'William P. Rogers'
warning: advocate ID 'bertram_kantor2' has name 'Bertram M. Kantor' similar to 'Bertram K. Kantor'
warning: advocate ID 'william_walker2' has name 'William C. Walker' similar to 'William G. Walker'
warning: advocate ID 'richard_nageotte2' has name 'Richard R. Nageotte' similar to 'Richard N. Nageotte'
warning: advocate ID 'james_cohen2' has name 'James A. Cohen' similar to 'James H. Cohen'
warning: advocate ID 'william_collins2' has name 'William B. Collins' similar to 'William E. Collins'
warning: advocate ID 'daniel_smith2' has name 'Daniel Hoyt Smith' similar to 'Daniel Jesse Smith'
warning: advocate ID 'charles_brown2' has name 'Charles G. Brown' similar to 'Charles E. Brown'
warning: advocate ID 'robert_collins2' has name 'Robert J. Collins' similar to 'Robert B. Collins'
warning: advocate ID 'laurence_gold2' has name 'Laurence E. Gold' similar to 'Laurence Stephen Gold'
warning: advocate ID 'james_brosnahan2' has name 'James G. Brosnahan' similar to 'James J. Brosnahan'
warning: advocate ID 'barbara_jones2' has name 'Barbara Willett Jones' similar to 'Barbara A. Jones'
warning: advocate ID 'james_logan2' has name 'James H Logan' similar to 'James P. Logan'
warning: advocate ID 'john_weston2' has name 'John M Weston' similar to 'John H. Weston'
warning: advocate ID 'edward_miller2' has name 'Edward O. Miller' similar to 'Edward A. Miller'
warning: advocate ID 'andrew_gordon2' has name 'Andrew L. Gordon' similar to 'Andrew S. Gordon'
warning: advocate ID 'james_carroll2' has name 'James V. Carroll' similar to 'James S. Carroll'
warning: advocate ID 'thomas_sullivan2' has name 'Thomas P. Sullivan' similar to 'Thomas N. Sullivan'
warning: advocate ID 'arlo_smith2' has name 'Arlo Hale Smith' similar to 'Arlo E. Smith'
warning: advocate ID 'john_simon2' has name 'John A. Simon' similar to 'John W. Simon'
warning: advocate ID 'joseph_mcnamara2' has name 'Joseph L. McNamara' similar to 'Joseph P. McNamara'
warning: advocate ID 'richard_robinson2' has name 'Richard B. Robinson' similar to 'Richard O. Robinson'
warning: advocate ID 'john_roberts2' has name 'John J. Roberts' similar to 'John G. Roberts'
warning: advocate ID 'richard_johnson2' has name 'Richard L. Johnson' similar to 'Richard C. Johnson'
warning: advocate ID 'david_carpenter2' has name 'David A. Carpenter' similar to 'David W. Carpenter'
warning: advocate ID 'david_smith2' has name 'David M. Smith' similar to 'David A. Smith'
warning: advocate ID 'lois_brasfield2' has name 'Lois B. Brasfield' similar to 'Lois N. Brasfield'
warning: advocate ID 'gregory_smith2' has name 'Gregory S. Smith' similar to 'Gregory H. Smith'
warning: advocate ID 'robert_thompson2' has name 'Robert S. Thompson III' similar to 'Robert B. Thompson'
warning: advocate 'Deputy Attorney General' has an unusual last name
warning: advocate ID 'david_smith3' has name 'David B. Smith' similar to 'David A. Smith'
warning: advocate ID 'william_allen3' has name 'William W. Allen' similar to 'William H. Allen'
warning: advocate ID 'michael_terry2' has name 'Michael G. Terry' similar to 'Michael E. Terry'
warning: advocate ID 'john_roberts3' has name 'John D. Roberts' similar to 'John G. Roberts'
warning: advocate ID 'thomas_walsh2' has name 'Thomas H. Walsh' similar to 'Thomas C. Walsh'
warning: advocate ID 'cornelia_pillard2' has name 'Cornelia T. Pillard' similar to 'Cornelia T. L. Pillard'
warning: advocate ID 'robert_bennett2' has name 'Robert S. Bennett' similar to 'Robert W. Bennett'
warning: advocate ID 'robert_pohlman2' has name 'Robert J. Pohlman' similar to 'Robert H. Pohlman'
warning: advocate ID 'robert_smith3' has name 'Robert S. Smith' similar to 'Robert Eugene Smith'
warning: advocate ID 'beth_brinkmann2' has name 'Beth Ann Brinkmann' similar to 'Beth S. Brinkmann'
warning: advocate ID 'steven_quarles2' has name 'Steven P. Quarles' similar to 'Steven R. Quarles'
warning: advocate ID 'bruce_smith2' has name 'Bruce C. Smith' similar to 'Bruce Dixie Smith'
warning: advocate ID 'james_robinson2' has name 'James K. Robinson' similar to 'James D. Robinson'
warning: advocate ID 'robert_barnard2' has name 'Robert F. Barnard' similar to 'Robert C. Barnard'
warning: advocate ID 'david_young3' has name 'David L. Young' similar to 'David J. Young'
warning: advocate ID 'james_ellis2' has name 'James W. Ellis' similar to 'James A. Ellis'
warning: advocate 'Supervising Deputy Attorney General' has an unusual last name
warning: advocate 'Deputy Attorney General' has an unusual last name
warning: advocate 'Deputy Attorney General' has an unusual last name
warning: advocate 'Special Assistant Attorney General' has an unusual last name
warning: advocate 'Deputy Attorney General' has an unusual last name
warning: advocate 'Deputy Solicitor General' has an unusual last name
warning: advocate 'Associate Solicitor General' has an unusual last name
warning: advocate ID 'michael_gross2' has name 'Michael W. Gross' similar to 'Michael P. Gross'
warning: advocate 'Deputy Attorney General' has an unusual last name
warning: advocate 'Senior Deputy Attorney General' has an unusual last name
warning: advocate 'Deputy Attorney General' has an unusual last name
warning: advocate ID 'richard_bernstein2' has name 'Richard A. Bernstein' similar to 'Richard D. Bernstein'
warning: advocate ID 'eric_lieberman2' has name 'Eric N. Lieberman' similar to 'Eric M. Lieberman'
warning: advocate ID 'john_lewis2' has name 'John Q. Lewis' similar to 'John H. Lewis'
warning: advocate 'Senior Assistant Attorney General' has an unusual last name
warning: advocate 'Senior Assistant Attorney General' has an unusual last name
warning: advocate 'Deputy Attorney General' has an unusual last name
warning: advocate ID 'mark_bennett2' has name 'Mark J. Bennett' similar to 'Mark W. Bennett'
warning: advocate ID 'david_goldberg2' has name 'David I. Goldberg' similar to 'David T. Goldberg'
warning: advocate ID 'eric_miller2' has name 'Eric D. Miller' similar to 'Eric R. Miller'
warning: advocate ID 'stephen_mccullough2' has name 'Stephen R. McCullough' similar to 'Stephen B. McCullough'
warning: advocate ID 'david_horan2' has name 'David L. Horan' similar to 'David Paul Horan'
warning: advocate ID 'david_mills2' has name 'David E. Mills' similar to 'David A. Mills'
warning: advocate ID 'michael_bigelow2' has name 'Michael R Bigelow' similar to 'Michael B. Bigelow'
warning: advocate ID 'paul_wolfson2' has name 'Paul Rq Wolfson' similar to 'Paul R. Q. Wolfson'
warning: advocate ID 'john_jones3' has name 'John C. Jones' similar to 'John Paul Jones'
warning: advocate ID 'james_smith4' has name 'James D. Smith' similar to 'James K. Smith'
warning: advocate ID 'john_williams2' has name 'John S. Williams' similar to 'John R. Williams'
warning: advocate ID 'stephen_vladeck2' has name 'Stephen I. Vladeck' similar to 'Stephen C. Vladeck'
warning: advocate ID 'david_hawkins2' has name 'David S. Hawkins' similar to 'David G. Hawkins'
